<?xml version="1.0" encoding="UTF-8"?>
<!-- Generated by org.testng.reporters.JUnitXMLReporter -->
<testsuite ignored="3" hostname="DESKTOP-4I3DNBC" failures="0" tests="3" name="Test" time="0.124" errors="0" timestamp="2025-05-21T08:05:39 IST">
  <testcase classname="com.testng.Grouping" name="slavia" time="0.016"/>
  <testcase classname="com.testng.Grouping" name="kylaq" time="0.001"/>
  <testcase classname="com.testng.Grouping" name="kushaq" time="0.003"/>
  <testcase classname="com.testng.Grouping" name="scrambler" time="0.0">
    <ignored/>
  </testcase> <!-- scrambler -->
  <testcase classname="com.testng.Grouping" name="adventure" time="0.0">
    <ignored/>
  </testcase> <!-- adventure -->
  <testcase classname="com.testng.Grouping" name="roadster" time="0.0">
    <ignored/>
  </testcase> <!-- roadster -->
</testsuite> <!-- Test -->
