<?xml version="1.0" encoding="UTF-8"?>
<testng-results ignored="0" total="3" passed="3" failed="0" skipped="0">
  <reporter-output>
  </reporter-output>
  <suite started-at="2025-05-20T00:17:37 IST" name="Default suite" finished-at="2025-05-20T00:17:38 IST" duration-ms="101">
    <groups>
    </groups>
    <test started-at="2025-05-20T00:17:37 IST" name="Default test" finished-at="2025-05-20T00:17:38 IST" duration-ms="101">
      <class name="com.testng.SimpleAnnotation">
        <test-method is-config="true" signature="propertySetting()[pri:0, instance:com.testng.SimpleAnnotation@2cb4893b]" started-at="2025-05-20T00:17:37 IST" name="propertySetting" finished-at="2025-05-20T00:17:37 IST" duration-ms="17" status="PASS">
          <reporter-output>
          </reporter-output>
        </test-method> <!-- propertySetting -->
        <test-method is-config="true" signature="browserLaunch()[pri:0, instance:com.testng.SimpleAnnotation@2cb4893b]" started-at="2025-05-20T00:17:37 IST" name="browserLaunch" finished-at="2025-05-20T00:17:38 IST" duration-ms="1" status="PASS">
          <reporter-output>
          </reporter-output>
        </test-method> <!-- browserLaunch -->
        <test-method is-config="true" signature="urlLaunch()[pri:0, instance:com.testng.SimpleAnnotation@2cb4893b]" started-at="2025-05-20T00:17:38 IST" name="urlLaunch" finished-at="2025-05-20T00:17:38 IST" duration-ms="1" status="PASS">
          <reporter-output>
          </reporter-output>
        </test-method> <!-- urlLaunch -->
        <test-method is-config="true" signature="logIn()[pri:0, instance:com.testng.SimpleAnnotation@2cb4893b]" started-at="2025-05-20T00:17:38 IST" name="logIn" finished-at="2025-05-20T00:17:38 IST" duration-ms="1" status="PASS">
          <reporter-output>
          </reporter-output>
        </test-method> <!-- logIn -->
        <test-method signature="kids()[pri:0, instance:com.testng.SimpleAnnotation@2cb4893b]" started-at="2025-05-20T00:17:38 IST" name="kids" finished-at="2025-05-20T00:17:38 IST" duration-ms="8" status="PASS">
          <reporter-output>
          </reporter-output>
        </test-method> <!-- kids -->
        <test-method is-config="true" signature="logout()[pri:0, instance:com.testng.SimpleAnnotation@2cb4893b]" started-at="2025-05-20T00:17:38 IST" name="logout" finished-at="2025-05-20T00:17:38 IST" duration-ms="0" status="PASS">
          <reporter-output>
          </reporter-output>
        </test-method> <!-- logout -->
        <test-method is-config="true" signature="logIn()[pri:0, instance:com.testng.SimpleAnnotation@2cb4893b]" started-at="2025-05-20T00:17:38 IST" name="logIn" finished-at="2025-05-20T00:17:38 IST" duration-ms="1" status="PASS">
          <reporter-output>
          </reporter-output>
        </test-method> <!-- logIn -->
        <test-method signature="men()[pri:0, instance:com.testng.SimpleAnnotation@2cb4893b]" started-at="2025-05-20T00:17:38 IST" name="men" finished-at="2025-05-20T00:17:38 IST" duration-ms="2" status="PASS">
          <reporter-output>
          </reporter-output>
        </test-method> <!-- men -->
        <test-method is-config="true" signature="logout()[pri:0, instance:com.testng.SimpleAnnotation@2cb4893b]" started-at="2025-05-20T00:17:38 IST" name="logout" finished-at="2025-05-20T00:17:38 IST" duration-ms="1" status="PASS">
          <reporter-output>
          </reporter-output>
        </test-method> <!-- logout -->
        <test-method is-config="true" signature="logIn()[pri:0, instance:com.testng.SimpleAnnotation@2cb4893b]" started-at="2025-05-20T00:17:38 IST" name="logIn" finished-at="2025-05-20T00:17:38 IST" duration-ms="1" status="PASS">
          <reporter-output>
          </reporter-output>
        </test-method> <!-- logIn -->
        <test-method signature="women()[pri:0, instance:com.testng.SimpleAnnotation@2cb4893b]" started-at="2025-05-20T00:17:38 IST" name="women" finished-at="2025-05-20T00:17:38 IST" duration-ms="2" status="PASS">
          <reporter-output>
          </reporter-output>
        </test-method> <!-- women -->
        <test-method is-config="true" signature="logout()[pri:0, instance:com.testng.SimpleAnnotation@2cb4893b]" started-at="2025-05-20T00:17:38 IST" name="logout" finished-at="2025-05-20T00:17:38 IST" duration-ms="1" status="PASS">
          <reporter-output>
          </reporter-output>
        </test-method> <!-- logout -->
        <test-method is-config="true" signature="terminateBrowser()[pri:0, instance:com.testng.SimpleAnnotation@2cb4893b]" started-at="2025-05-20T00:17:38 IST" name="terminateBrowser" finished-at="2025-05-20T00:17:38 IST" duration-ms="1" status="PASS">
          <reporter-output>
          </reporter-output>
        </test-method> <!-- terminateBrowser -->
      </class> <!-- com.testng.SimpleAnnotation -->
    </test> <!-- Default test -->
  </suite> <!-- Default suite -->
</testng-results>
