<?xml version="1.0" encoding="UTF-8"?>
<!-- Generated by org.testng.reporters.JUnitReportReporter -->
<testsuite hostname="DESKTOP-4I3DNBC" failures="0" tests="3" name="com.testng.Grouping" time="0.020" errors="0" timestamp="2025-05-21T08:05:40 IST" skipped="0">
  <testcase classname="com.testng.Grouping" name="slavia" time="0.016"/>
  <testcase classname="com.testng.Grouping" name="kylaq" time="0.001"/>
  <testcase classname="com.testng.Grouping" name="kushaq" time="0.003"/>
</testsuite> <!-- com.testng.Grouping -->
