<?xml version="1.0" encoding="UTF-8"?>
<!-- Generated by org.testng.reporters.JUnitReportReporter -->
<testsuite hostname="DESKTOP-4I3DNBC" failures="0" tests="4" name="com.testng.dependsOnMethods" time="0.022" errors="0" timestamp="2025-05-21T08:18:15 IST" skipped="0">
  <testcase classname="com.testng.dependsOnMethods" name="Two" time="0.001"/>
  <testcase classname="com.testng.dependsOnMethods" name="One" time="0.005"/>
  <testcase classname="com.testng.dependsOnMethods" name="Four" time="0.015"/>
  <testcase classname="com.testng.dependsOnMethods" name="Three" time="0.001"/>
</testsuite> <!-- com.testng.dependsOnMethods -->
