<?xml version="1.0" encoding="UTF-8"?>
<!-- Generated by org.testng.reporters.JUnitReportReporter -->
<testsuite hostname="DESKTOP-4I3DNBC" failures="0" tests="3" name="com.testng.CrossBrowserTesting" time="18.748" errors="0" timestamp="2025-05-20T22:04:27 IST" skipped="0">
  <testcase classname="com.testng.CrossBrowserTesting" name="fireFox" time="8.817"/>
  <testcase classname="com.testng.CrossBrowserTesting" name="Edge" time="6.660"/>
  <testcase classname="com.testng.CrossBrowserTesting" name="chromeLaunch" time="3.271"/>
</testsuite> <!-- com.testng.CrossBrowserTesting -->
