<?xml version="1.0" encoding="UTF-8"?>
<!-- Generated by org.testng.reporters.JUnitReportReporter -->
<testsuite hostname="DESKTOP-4I3DNBC" failures="0" tests="3" name="com.testng.SimpleAnnotation" time="0.023" errors="0" timestamp="2025-05-20T00:57:57 IST" skipped="0">
  <testcase classname="com.testng.SimpleAnnotation" name="women" time="0.006"/>
  <testcase classname="com.testng.SimpleAnnotation" name="men" time="0.004"/>
  <testcase classname="com.testng.SimpleAnnotation" name="kids" time="0.013"/>
</testsuite> <!-- com.testng.SimpleAnnotation -->
